<?xml version="1.0" encoding="UTF-8"?>
<testng-results ignored="0" total="1" passed="1" failed="0" skipped="0">
  <reporter-output>
  </reporter-output>
  <suite started-at="2025-02-04T10:19:19 CST" name="Default suite" finished-at="2025-02-04T10:19:19 CST" duration-ms="43">
    <groups>
    </groups>
    <test started-at="2025-02-04T10:19:19 CST" name="Default test" finished-at="2025-02-04T10:19:19 CST" duration-ms="43">
      <class name="Tests.tests">
        <test-method signature="verifySetup()[pri:0, instance:Tests.tests@478190fc]" started-at="2025-02-04T10:19:19 CST" name="verifySetup" finished-at="2025-02-04T10:19:19 CST" duration-ms="11" status="PASS">
          <reporter-output>
          </reporter-output>
        </test-method> <!-- verifySetup -->
      </class> <!-- Tests.tests -->
    </test> <!-- Default test -->
  </suite> <!-- Default suite -->
</testng-results>
